<?xml version="1.0" encoding="UTF-8"?>
<!-- Generated by org.testng.reporters.JUnitReportReporter -->
<testsuite hostname="RLP1610" failures="0" tests="2" name="com.abp.selenium.test.UserLoginTest" time="6.800" errors="0" timestamp="2024-02-10T12:08:20 IST" skipped="0">
  <testcase classname="com.abp.selenium.test.UserLoginTest" name="userLoginDetails" time="0.614"/>
  <system-out/>
  <testcase classname="com.abp.selenium.test.UserLoginTest" name="loadHomePage" time="6.186"/>
  <system-out/>
</testsuite> <!-- com.abp.selenium.test.UserLoginTest -->
