<?xml version="1.0" encoding="UTF-8"?>
<!-- Generated by org.testng.reporters.JUnitReportReporter -->
<testsuite hostname="RLP1610" failures="0" tests="2" name="com.abp.selenium.test.RegisterTest" time="15.909" errors="0" timestamp="2024-02-10T10:36:04 IST" skipped="0">
  <testcase classname="com.abp.selenium.test.RegisterTest" name="loadHomePage" time="9.275"/>
  <system-out/>
  <testcase classname="com.abp.selenium.test.RegisterTest" name="registerDetails" time="6.634"/>
  <system-out/>
</testsuite> <!-- com.abp.selenium.test.RegisterTest -->
